[debug] [2025-05-12T05:54:41.374Z] ----------------------------------------------------------------------
[debug] [2025-05-12T05:54:41.377Z] Command:       /usr/local/share/nvm/versions/node/v20.19.0/bin/node /home/codespace/nvm/current/bin/firebase login:ci
[debug] [2025-05-12T05:54:41.378Z] CLI Version:   14.3.1
[debug] [2025-05-12T05:54:41.378Z] Platform:      linux
[debug] [2025-05-12T05:54:41.378Z] Node Version:  v20.19.0
[debug] [2025-05-12T05:54:41.378Z] Time:          Mon May 12 2025 05:54:41 GMT+0000 (Coordinated Universal Time)
[debug] [2025-05-12T05:54:41.378Z] Env Overrides: GITHUB_API_URL, GITHUB_API_URL
[debug] [2025-05-12T05:54:41.378Z] ----------------------------------------------------------------------
[debug] 
[warn] ⚠  Authenticating with a `login:ci` token is deprecated and will be removed in a future major version of `firebase-tools`. Instead, use a service account key with `GOOGLE_APPLICATION_CREDENTIALS`: https://cloud.google.com/docs/authentication/getting-started 
[info] 
[info] Visit this URL on this device to log in:
[info] https://accounts.google.com/o/oauth2/auth?client_id=563584335869-fgrhgmd47bqnekij5i8b5pr03ho849e6.apps.googleusercontent.com&scope=email%20openid%20https%3A%2F%2Fwww.googleapis.com%2Fauth%2Fcloudplatformprojects.readonly%20https%3A%2F%2Fwww.googleapis.com%2Fauth%2Ffirebase%20https%3A%2F%2Fwww.googleapis.com%2Fauth%2Fcloud-platform&response_type=code&state=24911396&redirect_uri=http%3A%2F%2Flocalhost%3A9005
[info] 
[info] Waiting for authentication...
[debug] [2025-05-12T06:02:12.280Z] ----------------------------------------------------------------------
[debug] [2025-05-12T06:02:12.282Z] Command:       /usr/local/share/nvm/versions/node/v20.19.0/bin/node /home/codespace/nvm/current/bin/firebase login:ci
[debug] [2025-05-12T06:02:12.282Z] CLI Version:   14.3.1
[debug] [2025-05-12T06:02:12.285Z] Platform:      linux
[debug] [2025-05-12T06:02:12.285Z] Node Version:  v20.19.0
[debug] [2025-05-12T06:02:12.286Z] Time:          Mon May 12 2025 06:02:12 GMT+0000 (Coordinated Universal Time)
[debug] [2025-05-12T06:02:12.286Z] Env Overrides: GITHUB_API_URL, GITHUB_API_URL
[debug] [2025-05-12T06:02:12.286Z] ----------------------------------------------------------------------
[debug] 
[warn] ⚠  Authenticating with a `login:ci` token is deprecated and will be removed in a future major version of `firebase-tools`. Instead, use a service account key with `GOOGLE_APPLICATION_CREDENTIALS`: https://cloud.google.com/docs/authentication/getting-started 
[info] 
[info] Visit this URL on this device to log in:
[info] https://accounts.google.com/o/oauth2/auth?client_id=563584335869-fgrhgmd47bqnekij5i8b5pr03ho849e6.apps.googleusercontent.com&scope=email%20openid%20https%3A%2F%2Fwww.googleapis.com%2Fauth%2Fcloudplatformprojects.readonly%20https%3A%2F%2Fwww.googleapis.com%2Fauth%2Ffirebase%20https%3A%2F%2Fwww.googleapis.com%2Fauth%2Fcloud-platform&response_type=code&state=737693707&redirect_uri=http%3A%2F%2Flocalhost%3A9005
[info] 
[info] Waiting for authentication...
